JDApp-Kotlin/other/build/intermediates/manifest_merge_blame_file/debug/manifest-merger-blame-debug-report.txt
1<?xml version="1.0" encoding="utf-8"?>
2<manifest xmlns:android="http://schemas.android.com/apk/res/android"
3    package="com.jd.other" >
4
5    <uses-sdk
6        android:minSdkVersion="18"
6-->src/main/AndroidManifest.xml
7        android:targetSdkVersion="28" />
7-->src/main/AndroidManifest.xml
8
9    <application>
9-->src/main/AndroidManifest.xml:3:5-13:19
10        <service
10-->src/main/AndroidManifest.xml:4:9-12:19
11            android:name="com.jd.other.service.JDService"
11-->src/main/AndroidManifest.xml:6:13-58
12            android:enabled="true"
12-->src/main/AndroidManifest.xml:7:13-35
13            android:exported="true"
13-->src/main/AndroidManifest.xml:8:13-36
14            android:process=":remote" >
14-->src/main/AndroidManifest.xml:5:13-38
15            <intent-filter>
15-->src/main/AndroidManifest.xml:9:13-11:29
16                <action android:name="com.jd.other.service.JDService" />
16-->src/main/AndroidManifest.xml:10:17-72
16-->src/main/AndroidManifest.xml:10:25-70
17            </intent-filter>
18        </service>
19    </application>
20
21</manifest>